MIG: 16:25:59 : Running customizer.xit
MIG: 16:25:59 : ################# RUNNING MIG INTERACTIVE ###################
MIG: 16:25:59 : Writing IN file for 'mig_7series_0'...compDirPath: c:/Xilinx/Vivado/2018.2/data/ip/xilinx/mig_7series_v4_1... instDirPath: c:/Users/Fernando/AppData/Roaming/Xilinx/Vivado/.Xil/Vivado-3324-DESKTOP-D3911JL/coregen/mig_7series_0
MIG: 16:25:59 : synp_flow:  -- synthesis_mode: Other
MIG: 16:25:59 : outputDirectory: c:/Users/Fernando/AppData/Roaming/Xilinx/Vivado/.Xil/Vivado-3324-DESKTOP-D3911JL/coregen/mig_7series_0/_tmp/
MIG: 16:25:59 : vivado_mode: xpg_pa
MIG: 16:25:59 :  locked false  
MIG: 16:25:59 : HDL Language: VHDL
MIG: 16:25:59 : compInfo: true
MIG: 16:25:59 : relative mig path: coregen/ip/xilinx/other/com/xilinx/ip/mig_7series_v4_1/bin/nt64/mig.exe
MIG: 16:25:59 : xilinx_path: C:/Xilinx/Vivado/2018.2/ids_lite/ISE
MIG: 16:25:59 : I am in catch area
MIG: 16:25:59 : Running C:/Xilinx/Vivado/2018.2/ids_lite/ISE/coregen/ip/xilinx/other/com/xilinx/ip/mig_7series_v4_1/bin/nt64/mig.exe -cg_exc_inp c:/Users/Fernando/AppData/Roaming/Xilinx/Vivado/.Xil/Vivado-3324-DESKTOP-D3911JL/coregen/mig_7series_0/xil_txt.in -cg_exc_out c:/Users/Fernando/AppData/Roaming/Xilinx/Vivado/.Xil/Vivado-3324-DESKTOP-D3911JL/coregen/mig_7series_0/xil_txt.out ... 
MIG: 16:28:46 : Prasad before: xmlPropertyPrj --  .prj
MIG: 16:28:46 : Prasad After: xmlPropertyPrj -- mig_a.prj
MIG: 16:28:46 : XML_INPUT_FILE: c:/Users/Fernando/AppData/Roaming/Xilinx/Vivado/.Xil/Vivado-3324-DESKTOP-D3911JL/coregen/mig_7series_0/mig_a.prj
MIG: 16:28:46 : Component_Name: ddr
MIG: 16:28:46 : Moving ddr ...
MIG: 16:28:46 : Moving ddr.vho ...
MIG: 16:28:46 : Moving ddr_xmdf.tcl ...
MIG: 16:28:46 : Sending back 0
MIG: 16:28:49 : xml_input_file: mig_a.prj
MIG: 16:28:49 : Absolute path of xml_input_file: c:/Users/Fernando/Documents/Universidad/TFG_VHDL/MIDI_Soc-Versions/MIDI_Soc-0.8/MIDI_Soc/MIDI_Soc.srcs/sources_1/ip/ddr/mig_a.prj
MIG: 16:28:49 : xml_input_file: mig_a.prj
MIG: 16:28:49 : Absolute path of xml_input_file: c:/Users/Fernando/Documents/Universidad/TFG_VHDL/MIDI_Soc-Versions/MIDI_Soc-0.8/MIDI_Soc/MIDI_Soc.srcs/sources_1/ip/ddr/mig_a.prj
MIG: 16:28:49 : In updateAllModelParams
MIG: 16:28:49 : IGN:     <ModuleName>ddr</ModuleName> <==>     <ModuleName>ddr</ModuleName> 
MIG: 16:28:49 : IGN:         <InputClkFreq>200.02</InputClkFreq> <==>         <InputClkFreq>200.02</InputClkFreq> 
MIG: 16:28:49 : XGUI hdlLanguage: VHDL
MIG: 16:28:49 : xgui vivado_mode: xpg_pa
MIG: 16:28:49 : xgui hdlLanguage: VHDL -- hdlExt: vhd
MIG: 16:28:49 : Reading C:/Users/Fernando/Documents/Universidad/TFG_VHDL/MIDI_Soc-Versions/MIDI_Soc-0.8/MIDI_Soc/MIDI_Soc.srcs/sources_1/ip/ddr/ddr/user_design/rtl/ddr_mig.vhd ...
MIG: 16:28:49 : 1
MIG: 16:28:49 : Inside fn mem: DDR2
MIG: 16:28:49 : detect_uiclk: 75007501
MIG: 16:28:49 : cntrl:  memtype: DDR2
MIG: 16:28:49 : 1200
MIG: 16:28:49 :  MMCM_VCO single ctrl param_name: MMCM_VCO --  possibleMaxVcoVal: 1200 
MIG: 16:28:49 : DDR2
MIG: 16:28:49 : 
MIG: 16:28:49 : 75007501
MIG: 16:28:49 : 
MIG: 16:28:49 :  polarity_value: 1
MIG: 16:28:49 : 
MIG: 16:28:49 : 
MIG: 16:28:49 : cntrl:  memtype: DDR2
MIG: 16:28:49 :  Invalid Param: DDR2_RST_ACT_LOW ==> 1
MIG: 16:28:49 : 
MIG: 16:28:49 :  Valid Param: DDR2_BANK_WIDTH ==> 3
MIG: 16:28:49 : 
MIG: 16:28:49 :  Valid Param: DDR2_CK_WIDTH ==> 1
MIG: 16:28:49 :  Invalid Param: DDR2_COL_WIDTH ==> 10
MIG: 16:28:49 : 
MIG: 16:28:49 :  Valid Param: DDR2_CS_WIDTH ==> 1
MIG: 16:28:49 : 
MIG: 16:28:49 :  Valid Param: DDR2_nCS_PER_RANK ==> 1
MIG: 16:28:49 : 
MIG: 16:28:49 :  Valid Param: DDR2_CKE_WIDTH ==> 1
MIG: 16:28:49 :  Invalid Param: DDR2_DATA_BUF_ADDR_WIDTH ==> 5
MIG: 16:28:49 :  Invalid Param: DDR2_DQ_CNT_WIDTH ==> 4
MIG: 16:28:49 :  Invalid Param: DDR2_DQ_PER_DM ==> 8
MIG: 16:28:49 : 2
MIG: 16:28:49 :  Valid Param: DDR2_DM_WIDTH ==> 2
MIG: 16:28:49 : 16
MIG: 16:28:49 :  Valid Param: DDR2_DQ_WIDTH ==> 16
MIG: 16:28:49 : 2
MIG: 16:28:49 :  Valid Param: DDR2_DQS_WIDTH ==> 2
MIG: 16:28:49 : 
MIG: 16:28:49 :  Valid Param: DDR2_DQS_CNT_WIDTH ==> 1
MIG: 16:28:49 :  Invalid Param: DDR2_DRAM_WIDTH ==> 8
MIG: 16:28:49 : 
MIG: 16:28:49 :  Valid Param: ECC ==> OFF
MIG: 16:28:49 :  Invalid Param: ECC_TEST ==> "OFF"
MIG: 16:28:49 :  Invalid Param: DDR2_PAYLOAD_WIDTH ==> 16
MIG: 16:28:49 :  Invalid Param: DDR2_MEM_ADDR_ORDER ==> "BANK_ROW_COLUMN"
MIG: 16:28:49 :  Invalid Param: DDR2_nBANK_MACHS ==> 4
MIG: 16:28:49 :  Invalid Param: DDR2_RANKS ==> 1
MIG: 16:28:49 : 
MIG: 16:28:49 :  Valid Param: DDR2_ODT_WIDTH ==> 1
MIG: 16:28:49 : 13
MIG: 16:28:49 :  Valid Param: DDR2_ROW_WIDTH ==> 13
MIG: 16:28:49 : 27
MIG: 16:28:49 :  Valid Param: DDR2_ADDR_WIDTH ==> 27
MIG: 16:28:49 : 
MIG: 16:28:49 :  Valid Param: DDR2_USE_CS_PORT ==> 1
MIG: 16:28:49 : 
MIG: 16:28:49 :  Valid Param: DDR2_USE_DM_PORT ==> 1
MIG: 16:28:49 : 
MIG: 16:28:49 :  Valid Param: DDR2_USE_ODT_PORT ==> 1
MIG: 16:28:49 :  Invalid Param: DDR2_PHY_CONTROL_MASTER_BANK ==> 0
MIG: 16:28:49 :  Invalid Param: DDR2_MEM_DENSITY ==> "1Gb"
MIG: 16:28:49 :  Invalid Param: DDR2_MEM_SPEEDGRADE ==> "25E"
MIG: 16:28:49 :  Invalid Param: DDR2_MEM_DEVICE_WIDTH ==> 16
MIG: 16:28:49 :  Invalid Param: DDR2_AL ==> "0"
MIG: 16:28:49 :  Invalid Param: DDR2_nAL ==> 0
MIG: 16:28:49 :  Invalid Param: DDR2_BURST_MODE ==> "8"
MIG: 16:28:49 :  Invalid Param: DDR2_BURST_TYPE ==> "SEQ"
MIG: 16:28:49 :  Invalid Param: DDR2_CL ==> 5
MIG: 16:28:50 :  Invalid Param: DDR2_OUTPUT_DRV ==> "HIGH"
MIG: 16:28:50 :  Invalid Param: DDR2_RTT_NOM ==> "50"
MIG: 16:28:50 :  Invalid Param: DDR2_ADDR_CMD_MODE ==> "1T"
MIG: 16:28:50 : 
MIG: 16:28:50 :  Valid Param: DDR2_REG_CTRL ==> OFF
MIG: 16:28:50 :  Invalid Param: DDR2_CLKIN_PERIOD ==> 4999
MIG: 16:28:50 :  Invalid Param: DDR2_CLKFBOUT_MULT ==> 6
MIG: 16:28:50 :  Invalid Param: DDR2_DIVCLK_DIVIDE ==> 1
MIG: 16:28:50 :  Invalid Param: DDR2_CLKOUT0_PHASE ==> 0.0
MIG: 16:28:50 :  Invalid Param: DDR2_CLKOUT0_DIVIDE ==> 2
MIG: 16:28:50 :  Invalid Param: DDR2_CLKOUT1_DIVIDE ==> 4
MIG: 16:28:50 :  Invalid Param: DDR2_CLKOUT2_DIVIDE ==> 64
MIG: 16:28:50 :  Invalid Param: DDR2_CLKOUT3_DIVIDE ==> 16
MIG: 16:28:50 :  Invalid Param: DDR2_MMCM_VCO ==> 1200
MIG: 16:28:50 :  Invalid Param: DDR2_MMCM_MULT_F ==> 15
MIG: 16:28:50 :  Invalid Param: DDR2_MMCM_DIVCLK_DIVIDE ==> 1
MIG: 16:28:50 :  Invalid Param: DDR2_tCKE ==> 7500
MIG: 16:28:50 :  Invalid Param: DDR2_tFAW ==> 45000
MIG: 16:28:50 :  Invalid Param: DDR2_tPRDI ==> 1000000
MIG: 16:28:50 :  Invalid Param: DDR2_tRAS ==> 40000
MIG: 16:28:50 :  Invalid Param: DDR2_tRCD ==> 15000
MIG: 16:28:50 :  Invalid Param: DDR2_tREFI ==> 7800000
MIG: 16:28:50 :  Invalid Param: DDR2_tRFC ==> 127500
MIG: 16:28:50 :  Invalid Param: DDR2_tRP ==> 12500
MIG: 16:28:50 :  Invalid Param: DDR2_tRRD ==> 10000
MIG: 16:28:50 :  Invalid Param: DDR2_tRTP ==> 7500
MIG: 16:28:50 :  Invalid Param: DDR2_tWTR ==> 7500
MIG: 16:28:50 :  Invalid Param: DDR2_tZQI ==> 128000000
MIG: 16:28:50 :  Invalid Param: DDR2_tZQCS ==> 64
MIG: 16:28:50 :  Invalid Param: DDR2_SIM_BYPASS_INIT_CAL ==> "OFF"
MIG: 16:28:50 :  Invalid Param: DDR2_SIMULATION ==> "FALSE"
MIG: 16:28:50 :  Invalid Param: DDR2_BYTE_LANES_B0 ==> "1111"
MIG: 16:28:50 :  Invalid Param: DDR2_BYTE_LANES_B1 ==> "0000"
MIG: 16:28:50 :  Invalid Param: DDR2_BYTE_LANES_B2 ==> "0000"
MIG: 16:28:50 :  Invalid Param: DDR2_BYTE_LANES_B3 ==> "0000"
MIG: 16:28:50 :  Invalid Param: DDR2_BYTE_LANES_B4 ==> "0000"
MIG: 16:28:50 :  Invalid Param: DDR2_DATA_CTL_B0 ==> "0101"
MIG: 16:28:50 :  Invalid Param: DDR2_DATA_CTL_B1 ==> "0000"
MIG: 16:28:50 :  Invalid Param: DDR2_DATA_CTL_B2 ==> "0000"
MIG: 16:28:50 :  Invalid Param: DDR2_DATA_CTL_B3 ==> "0000"
MIG: 16:28:50 :  Invalid Param: DDR2_DATA_CTL_B4 ==> "0000"
MIG: 16:28:50 :  Invalid Param: DDR2_PHY_0_BITLANES ==> X"FFC3F7FFF3FE"
MIG: 16:28:50 :  Invalid Param: DDR2_PHY_1_BITLANES ==> X"000000000000"
MIG: 16:28:50 :  Invalid Param: DDR2_PHY_2_BITLANES ==> X"000000000000"
MIG: 16:28:50 :  Invalid Param: DDR2_CK_BYTE_MAP ==> X"000000000000000000000000000000000003"
MIG: 16:28:50 :  Invalid Param: DDR2_ADDR_MAP ==> X"00000000001003301A01903203A034018036012011017015"
MIG: 16:28:50 :  Invalid Param: DDR2_BANK_MAP ==> X"01301601B"
MIG: 16:28:50 :  Invalid Param: DDR2_CAS_MAP ==> X"039"
MIG: 16:28:50 :  Invalid Param: DDR2_CKE_ODT_BYTE_MAP ==> X"00"
MIG: 16:28:50 :  Invalid Param: DDR2_CKE_MAP ==> X"000000000000000000000038"
MIG: 16:28:50 :  Invalid Param: DDR2_ODT_MAP ==> X"000000000000000000000035"
MIG: 16:28:50 :  Invalid Param: DDR2_CS_MAP ==> X"000000000000000000000000000037"
MIG: 16:28:50 :  Invalid Param: DDR2_PARITY_MAP ==> X"000"
MIG: 16:28:50 :  Invalid Param: DDR2_RAS_MAP ==> X"014"
MIG: 16:28:50 :  Invalid Param: DDR2_WE_MAP ==> X"03B"
MIG: 16:28:50 :  Invalid Param: DDR2_DQS_BYTE_MAP ==> X"000000000000000000000000000000000200"
MIG: 16:28:50 :  Invalid Param: DDR2_DATA0_MAP ==> X"008004009007005001006003"
MIG: 16:28:50 :  Invalid Param: DDR2_DATA1_MAP ==> X"022028020024027025026021"
MIG: 16:28:50 :  Invalid Param: DDR2_DATA2_MAP ==> X"000000000000000000000000"
MIG: 16:28:50 :  Invalid Param: DDR2_DATA3_MAP ==> X"000000000000000000000000"
MIG: 16:28:50 :  Invalid Param: DDR2_DATA4_MAP ==> X"000000000000000000000000"
MIG: 16:28:50 :  Invalid Param: DDR2_DATA5_MAP ==> X"000000000000000000000000"
MIG: 16:28:50 :  Invalid Param: DDR2_DATA6_MAP ==> X"000000000000000000000000"
MIG: 16:28:50 :  Invalid Param: DDR2_DATA7_MAP ==> X"000000000000000000000000"
MIG: 16:28:50 :  Invalid Param: DDR2_DATA8_MAP ==> X"000000000000000000000000"
MIG: 16:28:50 :  Invalid Param: DDR2_DATA9_MAP ==> X"000000000000000000000000"
MIG: 16:28:50 :  Invalid Param: DDR2_DATA10_MAP ==> X"000000000000000000000000"
MIG: 16:28:50 :  Invalid Param: DDR2_DATA11_MAP ==> X"000000000000000000000000"
MIG: 16:28:50 :  Invalid Param: DDR2_DATA12_MAP ==> X"000000000000000000000000"
MIG: 16:28:50 :  Invalid Param: DDR2_DATA13_MAP ==> X"000000000000000000000000"
MIG: 16:28:50 :  Invalid Param: DDR2_DATA14_MAP ==> X"000000000000000000000000"
MIG: 16:28:50 :  Invalid Param: DDR2_DATA15_MAP ==> X"000000000000000000000000"
MIG: 16:28:50 :  Invalid Param: DDR2_DATA16_MAP ==> X"000000000000000000000000"
MIG: 16:28:50 :  Invalid Param: DDR2_DATA17_MAP ==> X"000000000000000000000000"
MIG: 16:28:50 :  Invalid Param: DDR2_MASK0_MAP ==> X"000000000000000000000029002"
MIG: 16:28:50 :  Invalid Param: DDR2_MASK1_MAP ==> X"000000000000000000000000000"
MIG: 16:28:50 :  Invalid Param: DDR2_SLOT_0_CONFIG ==> "00000001"
MIG: 16:28:50 :  Invalid Param: DDR2_SLOT_1_CONFIG ==> "00000000"
MIG: 16:28:50 :  Invalid Param: DDR2_IBUF_LPWR_MODE ==> "OFF"
MIG: 16:28:50 :  Invalid Param: DDR2_DATA_IO_IDLE_PWRDWN ==> "ON"
MIG: 16:28:50 :  Invalid Param: DDR2_BANK_TYPE ==> "HR_IO"
MIG: 16:28:50 :  Invalid Param: DDR2_DATA_IO_PRIM_TYPE ==> "HR_LP"
MIG: 16:28:50 :  Invalid Param: DDR2_CKE_ODT_AUX ==> "FALSE"
MIG: 16:28:50 :  Invalid Param: DDR2_USER_REFRESH ==> "OFF"
MIG: 16:28:50 :  Invalid Param: DDR2_WRLVL ==> "OFF"
MIG: 16:28:50 :  Invalid Param: DDR2_ORDERING ==> "STRICT"
MIG: 16:28:50 :  Invalid Param: DDR2_CALIB_ROW_ADD ==> X"0000"
MIG: 16:28:50 :  Invalid Param: DDR2_CALIB_COL_ADD ==> X"000"
MIG: 16:28:50 :  Invalid Param: DDR2_CALIB_BA_ADD ==> "000"
MIG: 16:28:50 :  Invalid Param: DDR2_TCQ ==> 100
MIG: 16:28:50 :  Invalid Param: DDR2_IODELAY_GRP0 ==> "DDR_IODELAY_MIG0"
MIG: 16:28:50 :  Invalid Param: DDR2_IODELAY_GRP1 ==> "DDR_IODELAY_MIG1"
MIG: 16:28:50 :  Invalid Param: DDR2_SYSCLK_TYPE ==> "NO_BUFFER"
MIG: 16:28:50 :  Invalid Param: DDR2_REFCLK_TYPE ==> "USE_SYSTEM_CLOCK"
MIG: 16:28:50 :  Invalid Param: DDR2_SYS_RST_PORT ==> "FALSE"
MIG: 16:28:50 :  Invalid Param: DDR2_FPGA_SPEED_GRADE ==> 1
MIG: 16:28:50 :  Invalid Param: DDR2_REF_CLK_MMCM_IODELAY_CTRL ==> "FALSE"
MIG: 16:28:50 :  Invalid Param: DDR2_CMD_PIPE_PLUS1 ==> "ON"
MIG: 16:28:50 :  Invalid Param: DDR2_DRAM_TYPE ==> "DDR2"
MIG: 16:28:50 :  Invalid Param: DDR2_CAL_WIDTH ==> "HALF"
MIG: 16:28:50 :  Invalid Param: DDR2_STARVE_LIMIT ==> 2
MIG: 16:28:50 :  Invalid Param: DDR2_REFCLK_FREQ ==> 200.0
MIG: 16:28:50 :  Invalid Param: DDR2_DIFF_TERM_REFCLK ==> "TRUE"
MIG: 16:28:50 :  Invalid Param: DDR2_tCK ==> 3333
MIG: 16:28:50 : 4
MIG: 16:28:50 :  Valid Param: DDR2_nCK_PER_CLK ==> 4
MIG: 16:28:50 :  Invalid Param: DDR2_DIFF_TERM_SYSCLK ==> "TRUE"
MIG: 16:28:50 : 
MIG: 16:28:50 :  Valid Param: DDR2_DEBUG_PORT ==> OFF
MIG: 16:28:50 : 
MIG: 16:28:50 :  Invalid Param: DDR2_TEMP_MON_CONTROL ==> "INTERNAL"
MIG: 16:28:50 : NOBUF
MIG: 16:28:50 : NONE
MIG: 16:28:50 : 
MIG: 16:28:50 : Same Interface
MIG: 16:28:54 : Running synthesis.xit
MIG: 16:28:54 : IGN:     <ModuleName>ddr</ModuleName> <==>     <ModuleName>ddr</ModuleName> 
MIG: 16:28:54 : IGN:         <InputClkFreq>200.02</InputClkFreq> <==>         <InputClkFreq>200.02</InputClkFreq> 
MIG: 16:28:55 : Running vhdl_synth_rpr.xit
MIG: 16:28:55 : IGN:     <ModuleName>ddr</ModuleName> <==>     <ModuleName>ddr</ModuleName> 
MIG: 16:28:55 : IGN:         <InputClkFreq>200.02</InputClkFreq> <==>         <InputClkFreq>200.02</InputClkFreq> 
MIG: 16:28:55 : Running simulation.xit
MIG: 16:28:55 : IGN:     <ModuleName>ddr</ModuleName> <==>     <ModuleName>ddr</ModuleName> 
MIG: 16:28:55 : IGN:         <InputClkFreq>200.02</InputClkFreq> <==>         <InputClkFreq>200.02</InputClkFreq> 
MIG: 16:28:55 : Running vhdl_sim_rpr.xit
MIG: 16:28:55 : IGN:     <ModuleName>ddr</ModuleName> <==>     <ModuleName>ddr</ModuleName> 
MIG: 16:28:55 : IGN:         <InputClkFreq>200.02</InputClkFreq> <==>         <InputClkFreq>200.02</InputClkFreq> 
MIG: 16:28:56 : Running implementation.xit
MIG: 16:28:56 : IGN:     <ModuleName>ddr</ModuleName> <==>     <ModuleName>ddr</ModuleName> 
MIG: 16:28:56 : IGN:         <InputClkFreq>200.02</InputClkFreq> <==>         <InputClkFreq>200.02</InputClkFreq> 
